2025-03-13 04:34:32,150 INFO    MainThread:29373 [wandb_setup.py:_flush():67] Current SDK version is 0.19.8
2025-03-13 04:34:32,150 INFO    MainThread:29373 [wandb_setup.py:_flush():67] Configure stats pid to 29373
2025-03-13 04:34:32,150 INFO    MainThread:29373 [wandb_setup.py:_flush():67] Loading settings from /root/.config/wandb/settings
2025-03-13 04:34:32,150 INFO    MainThread:29373 [wandb_setup.py:_flush():67] Loading settings from /content/wandb/settings
2025-03-13 04:34:32,150 INFO    MainThread:29373 [wandb_setup.py:_flush():67] Loading settings from environment variables
2025-03-13 04:34:32,150 INFO    MainThread:29373 [wandb_init.py:setup_run_log_directory():647] Logging user logs to /content/wandb/run-20250313_043432-7p9eufb2/logs/debug.log
2025-03-13 04:34:32,150 INFO    MainThread:29373 [wandb_init.py:setup_run_log_directory():648] Logging internal logs to /content/wandb/run-20250313_043432-7p9eufb2/logs/debug-internal.log
2025-03-13 04:34:32,151 INFO    MainThread:29373 [wandb_init.py:monkeypatch_ipython():599] configuring jupyter hooks <wandb.sdk.wandb_init._WandbInit object at 0x7bdc74674210>
2025-03-13 04:34:32,194 INFO    MainThread:29373 [wandb_init.py:init():761] calling init triggers
2025-03-13 04:34:32,194 INFO    MainThread:29373 [wandb_init.py:init():766] wandb.init called with sweep_config: {}
config: {'_wandb': {}}
2025-03-13 04:34:32,194 INFO    MainThread:29373 [wandb_init.py:init():784] starting backend
2025-03-13 04:34:32,194 INFO    MainThread:29373 [wandb_init.py:init():788] sending inform_init request
2025-03-13 04:34:32,198 INFO    MainThread:29373 [backend.py:_multiprocessing_setup():101] multiprocessing start_methods=fork,spawn,forkserver, using: spawn
2025-03-13 04:34:32,198 INFO    MainThread:29373 [wandb_init.py:init():798] backend started and connected
2025-03-13 04:34:32,204 INFO    MainThread:29373 [wandb_run.py:_label_probe_notebook():1204] probe notebook
2025-03-13 04:34:32,331 INFO    MainThread:29373 [wandb_init.py:init():891] updated telemetry
2025-03-13 04:34:32,332 INFO    MainThread:29373 [wandb_init.py:init():915] communicating run to backend with 90.0 second timeout
2025-03-13 04:34:32,662 INFO    MainThread:29373 [wandb_init.py:init():990] starting run threads in backend
2025-03-13 04:34:33,072 INFO    MainThread:29373 [wandb_run.py:_console_start():2375] atexit reg
2025-03-13 04:34:33,073 INFO    MainThread:29373 [wandb_run.py:_redirect():2227] redirect: wrap_raw
2025-03-13 04:34:33,073 INFO    MainThread:29373 [wandb_run.py:_redirect():2292] Wrapping output streams.
2025-03-13 04:34:33,073 INFO    MainThread:29373 [wandb_run.py:_redirect():2315] Redirects installed.
2025-03-13 04:34:33,075 INFO    MainThread:29373 [wandb_init.py:init():1032] run started, returning control to user process
2025-03-13 04:34:34,565 INFO    MainThread:29373 [jupyter.py:save_ipynb():386] not saving jupyter notebook
2025-03-13 04:34:34,566 INFO    MainThread:29373 [wandb_init.py:_pause_backend():564] pausing backend
2025-03-13 04:34:34,572 INFO    MainThread:29373 [wandb_init.py:_resume_backend():569] resuming backend
2025-03-13 04:34:37,748 INFO    MainThread:29373 [jupyter.py:save_ipynb():386] not saving jupyter notebook
2025-03-13 04:34:37,748 INFO    MainThread:29373 [wandb_init.py:_pause_backend():564] pausing backend
2025-03-13 04:34:37,757 INFO    MainThread:29373 [wandb_init.py:_resume_backend():569] resuming backend
2025-03-13 04:34:40,526 INFO    MainThread:29373 [jupyter.py:save_ipynb():386] not saving jupyter notebook
2025-03-13 04:34:40,526 INFO    MainThread:29373 [wandb_init.py:_pause_backend():564] pausing backend
2025-03-13 04:34:40,531 INFO    MainThread:29373 [wandb_init.py:_resume_backend():569] resuming backend
2025-03-13 04:34:40,533 INFO    MainThread:29373 [jupyter.py:save_ipynb():386] not saving jupyter notebook
2025-03-13 04:34:40,533 INFO    MainThread:29373 [wandb_init.py:_pause_backend():564] pausing backend
2025-03-13 04:34:48,364 INFO    MainThread:29373 [wandb_init.py:_resume_backend():569] resuming backend
2025-03-13 04:34:48,439 INFO    MainThread:29373 [jupyter.py:save_ipynb():386] not saving jupyter notebook
2025-03-13 04:34:48,439 INFO    MainThread:29373 [wandb_init.py:_pause_backend():564] pausing backend
2025-03-13 04:35:03,801 INFO    MainThread:29373 [wandb_init.py:_resume_backend():569] resuming backend
2025-03-13 04:35:05,775 INFO    MainThread:29373 [jupyter.py:save_ipynb():386] not saving jupyter notebook
2025-03-13 04:35:05,776 INFO    MainThread:29373 [wandb_init.py:_pause_backend():564] pausing backend
2025-03-13 04:35:10,702 INFO    MainThread:29373 [wandb_init.py:_resume_backend():569] resuming backend
2025-03-13 04:35:10,704 INFO    MainThread:29373 [jupyter.py:save_ipynb():386] not saving jupyter notebook
2025-03-13 04:35:10,704 INFO    MainThread:29373 [wandb_init.py:_pause_backend():564] pausing backend
2025-03-13 04:35:12,028 INFO    MainThread:29373 [wandb_init.py:_resume_backend():569] resuming backend
2025-03-13 04:35:12,030 INFO    MainThread:29373 [jupyter.py:save_ipynb():386] not saving jupyter notebook
2025-03-13 04:35:12,031 INFO    MainThread:29373 [wandb_init.py:_pause_backend():564] pausing backend
2025-03-13 04:35:18,143 INFO    MainThread:29373 [wandb_init.py:_resume_backend():569] resuming backend
2025-03-13 04:35:26,812 INFO    MainThread:29373 [wandb_run.py:_config_callback():1261] config_cb None None {'return_dict': True, 'output_hidden_states': False, 'output_attentions': False, 'torchscript': False, 'torch_dtype': None, 'use_bfloat16': False, 'tf_legacy_loss': False, 'pruned_heads': {}, 'tie_word_embeddings': True, 'chunk_size_feed_forward': 0, 'is_encoder_decoder': False, 'is_decoder': False, 'cross_attention_hidden_size': None, 'add_cross_attention': False, 'tie_encoder_decoder': False, 'max_length': 20, 'min_length': 0, 'do_sample': False, 'early_stopping': False, 'num_beams': 1, 'num_beam_groups': 1, 'diversity_penalty': 0.0, 'temperature': 1.0, 'top_k': 50, 'top_p': 1.0, 'typical_p': 1.0, 'repetition_penalty': 1.0, 'length_penalty': 1.0, 'no_repeat_ngram_size': 0, 'encoder_no_repeat_ngram_size': 0, 'bad_words_ids': None, 'num_return_sequences': 1, 'output_scores': False, 'return_dict_in_generate': False, 'forced_bos_token_id': None, 'forced_eos_token_id': None, 'remove_invalid_values': False, 'exponential_decay_length_penalty': None, 'suppress_tokens': None, 'begin_suppress_tokens': None, 'architectures': None, 'finetuning_task': None, 'id2label': {0: 'LABEL_0', 1: 'LABEL_1'}, 'label2id': {'LABEL_0': 0, 'LABEL_1': 1}, 'tokenizer_class': None, 'prefix': None, 'bos_token_id': None, 'pad_token_id': 0, 'eos_token_id': None, 'sep_token_id': None, 'decoder_start_token_id': None, 'task_specific_params': None, 'problem_type': None, '_name_or_path': 'microsoft/deberta-v3-base', '_attn_implementation_autoset': True, 'transformers_version': '4.48.3', 'model_type': 'deberta-v2', 'position_buckets': 256, 'norm_rel_ebd': 'layer_norm', 'share_att_key': True, 'hidden_size': 768, 'num_hidden_layers': 12, 'num_attention_heads': 12, 'intermediate_size': 3072, 'hidden_act': 'gelu', 'hidden_dropout_prob': 0.3, 'attention_probs_dropout_prob': 0.3, 'max_position_embeddings': 512, 'type_vocab_size': 0, 'initializer_range': 0.02, 'relative_attention': True, 'max_relative_positions': -1, 'position_biased_input': False, 'pos_att_type': ['p2c', 'c2p'], 'vocab_size': 128100, 'layer_norm_eps': 1e-07, 'pooler_hidden_size': 768, 'pooler_dropout': 0, 'pooler_hidden_act': 'gelu', 'legacy': True, 'output_dir': 'CrossEncoder_Optimized', 'overwrite_output_dir': False, 'do_train': False, 'do_eval': True, 'do_predict': False, 'eval_strategy': 'epoch', 'prediction_loss_only': False, 'per_device_train_batch_size': 32, 'per_device_eval_batch_size': 32, 'per_gpu_train_batch_size': None, 'per_gpu_eval_batch_size': None, 'gradient_accumulation_steps': 2, 'eval_accumulation_steps': None, 'eval_delay': 0, 'torch_empty_cache_steps': None, 'learning_rate': 3e-06, 'weight_decay': 0.05, 'adam_beta1': 0.9, 'adam_beta2': 0.999, 'adam_epsilon': 1e-08, 'max_grad_norm': 1.0, 'num_train_epochs': 10, 'max_steps': -1, 'lr_scheduler_type': 'reduce_lr_on_plateau', 'lr_scheduler_kwargs': {}, 'warmup_ratio': 0.05, 'warmup_steps': 0, 'log_level': 'passive', 'log_level_replica': 'warning', 'log_on_each_node': True, 'logging_dir': './wandb', 'logging_strategy': 'steps', 'logging_first_step': False, 'logging_steps': 50, 'logging_nan_inf_filter': True, 'save_strategy': 'epoch', 'save_steps': 500, 'save_total_limit': 1, 'save_safetensors': True, 'save_on_each_node': False, 'save_only_model': False, 'restore_callback_states_from_checkpoint': False, 'no_cuda': False, 'use_cpu': False, 'use_mps_device': False, 'seed': 42, 'data_seed': None, 'jit_mode_eval': False, 'use_ipex': False, 'bf16': False, 'fp16': True, 'fp16_opt_level': 'O1', 'half_precision_backend': 'auto', 'bf16_full_eval': False, 'fp16_full_eval': False, 'tf32': None, 'local_rank': 0, 'ddp_backend': None, 'tpu_num_cores': None, 'tpu_metrics_debug': False, 'debug': [], 'dataloader_drop_last': False, 'eval_steps': None, 'dataloader_num_workers': 0, 'dataloader_prefetch_factor': None, 'past_index': -1, 'run_name': 'CrossEncoder_Optimized', 'disable_tqdm': False, 'remove_unused_columns': True, 'label_names': None, 'load_best_model_at_end': True, 'metric_for_best_model': 'loss', 'greater_is_better': False, 'ignore_data_skip': False, 'fsdp': [], 'fsdp_min_num_params': 0, 'fsdp_config': {'min_num_params': 0, 'xla': False, 'xla_fsdp_v2': False, 'xla_fsdp_grad_ckpt': False}, 'fsdp_transformer_layer_cls_to_wrap': None, 'accelerator_config': {'split_batches': False, 'dispatch_batches': None, 'even_batches': True, 'use_seedable_sampler': True, 'non_blocking': False, 'gradient_accumulation_kwargs': None}, 'deepspeed': None, 'label_smoothing_factor': 0.0, 'optim': 'adamw_torch', 'optim_args': None, 'adafactor': False, 'group_by_length': False, 'length_column_name': 'length', 'report_to': ['wandb'], 'ddp_find_unused_parameters': None, 'ddp_bucket_cap_mb': None, 'ddp_broadcast_buffers': None, 'dataloader_pin_memory': True, 'dataloader_persistent_workers': False, 'skip_memory_metrics': True, 'use_legacy_prediction_loop': False, 'push_to_hub': False, 'resume_from_checkpoint': None, 'hub_model_id': None, 'hub_strategy': 'every_save', 'hub_token': '<HUB_TOKEN>', 'hub_private_repo': None, 'hub_always_push': False, 'gradient_checkpointing': False, 'gradient_checkpointing_kwargs': None, 'include_inputs_for_metrics': False, 'include_for_metrics': [], 'eval_do_concat_batches': True, 'fp16_backend': 'auto', 'evaluation_strategy': 'epoch', 'push_to_hub_model_id': None, 'push_to_hub_organization': None, 'push_to_hub_token': '<PUSH_TO_HUB_TOKEN>', 'mp_parameters': '', 'auto_find_batch_size': False, 'full_determinism': False, 'torchdynamo': None, 'ray_scope': 'last', 'ddp_timeout': 1800, 'torch_compile': False, 'torch_compile_backend': None, 'torch_compile_mode': None, 'dispatch_batches': None, 'split_batches': None, 'include_tokens_per_second': False, 'include_num_input_tokens_seen': False, 'neftune_noise_alpha': None, 'optim_target_modules': None, 'batch_eval_metrics': False, 'eval_on_start': False, 'use_liger_kernel': False, 'eval_use_gather_object': False, 'average_tokens_across_devices': False}
2025-03-13 04:35:26,815 INFO    MainThread:29373 [wandb_config.py:__setitem__():154] config set model/num_parameters = 184423682 - <bound method Run._config_callback of <wandb.sdk.wandb_run.Run object at 0x7bdc7253e1d0>>
2025-03-13 04:35:26,815 INFO    MainThread:29373 [wandb_run.py:_config_callback():1261] config_cb model/num_parameters 184423682 None
2025-03-13 04:35:26,816 INFO    MainThread:29373 [jupyter.py:save_ipynb():386] not saving jupyter notebook
2025-03-13 04:35:26,816 INFO    MainThread:29373 [wandb_init.py:_pause_backend():564] pausing backend
2025-03-13 04:35:29,861 INFO    MainThread:29373 [wandb_init.py:_resume_backend():569] resuming backend
2025-03-13 04:58:22,479 INFO    MainThread:29373 [jupyter.py:save_ipynb():386] not saving jupyter notebook
2025-03-13 04:58:22,479 INFO    MainThread:29373 [wandb_init.py:_pause_backend():564] pausing backend
2025-03-13 04:58:22,484 INFO    MainThread:29373 [wandb_init.py:_resume_backend():569] resuming backend
2025-03-13 04:58:29,951 INFO    MainThread:29373 [jupyter.py:save_ipynb():386] not saving jupyter notebook
2025-03-13 04:58:29,952 INFO    MainThread:29373 [wandb_init.py:_pause_backend():564] pausing backend
2025-03-13 05:12:35,874 INFO    MainThread:29373 [wandb_init.py:_resume_backend():569] resuming backend
2025-03-13 05:12:43,431 INFO    MainThread:29373 [jupyter.py:save_ipynb():386] not saving jupyter notebook
2025-03-13 05:12:43,431 INFO    MainThread:29373 [wandb_init.py:_pause_backend():564] pausing backend
2025-03-13 05:12:52,287 INFO    MainThread:29373 [wandb_init.py:_resume_backend():569] resuming backend
2025-03-13 05:12:53,904 INFO    MainThread:29373 [wandb_run.py:_finish():2112] finishing run veronika-zaslavskaya-/CrossEncoder_Optimized/7p9eufb2
2025-03-13 05:12:53,905 INFO    MainThread:29373 [jupyter.py:save_history():458] not saving jupyter history
2025-03-13 05:12:53,905 INFO    MainThread:29373 [jupyter.py:save_ipynb():386] not saving jupyter notebook
2025-03-13 05:12:53,905 INFO    MainThread:29373 [wandb_init.py:_jupyter_teardown():581] cleaning up jupyter logic
2025-03-13 05:12:53,905 INFO    MainThread:29373 [wandb_run.py:_atexit_cleanup():2340] got exitcode: 0
2025-03-13 05:12:53,905 INFO    MainThread:29373 [wandb_run.py:_restore():2322] restore
2025-03-13 05:12:53,905 INFO    MainThread:29373 [wandb_run.py:_restore():2328] restore done
2025-03-13 05:12:55,329 INFO    MainThread:29373 [wandb_run.py:_footer_history_summary_info():3956] rendering history
2025-03-13 05:12:55,330 INFO    MainThread:29373 [wandb_run.py:_footer_history_summary_info():3988] rendering summary
2025-03-13 05:12:55,331 INFO    MainThread:29373 [wandb_run.py:_footer_sync_info():3917] logging synced files
