2025-03-13 05:17:09,807 INFO    MainThread:29373 [wandb_init.py:setup_run_log_directory():647] Logging user logs to /content/wandb/run-20250313_051709-pyivfvu1/logs/debug.log
2025-03-13 05:17:09,808 INFO    MainThread:29373 [wandb_init.py:setup_run_log_directory():648] Logging internal logs to /content/wandb/run-20250313_051709-pyivfvu1/logs/debug-internal.log
2025-03-13 05:17:09,808 INFO    MainThread:29373 [wandb_init.py:monkeypatch_ipython():599] configuring jupyter hooks <wandb.sdk.wandb_init._WandbInit object at 0x7bdc63140e90>
2025-03-13 05:17:09,808 INFO    MainThread:29373 [wandb_init.py:init():761] calling init triggers
2025-03-13 05:17:09,808 INFO    MainThread:29373 [wandb_init.py:init():766] wandb.init called with sweep_config: {}
config: {'_wandb': {}}
2025-03-13 05:17:09,808 INFO    MainThread:29373 [wandb_init.py:init():784] starting backend
2025-03-13 05:17:09,808 INFO    MainThread:29373 [wandb_init.py:init():788] sending inform_init request
2025-03-13 05:17:09,809 INFO    MainThread:29373 [backend.py:_multiprocessing_setup():101] multiprocessing start_methods=fork,spawn,forkserver, using: spawn
2025-03-13 05:17:09,809 INFO    MainThread:29373 [wandb_init.py:init():798] backend started and connected
2025-03-13 05:17:09,815 INFO    MainThread:29373 [wandb_run.py:_label_probe_notebook():1204] probe notebook
2025-03-13 05:17:09,943 INFO    MainThread:29373 [wandb_init.py:init():891] updated telemetry
2025-03-13 05:17:09,944 INFO    MainThread:29373 [wandb_init.py:init():915] communicating run to backend with 90.0 second timeout
2025-03-13 05:17:10,288 INFO    MainThread:29373 [wandb_init.py:init():990] starting run threads in backend
2025-03-13 05:17:10,682 INFO    MainThread:29373 [wandb_run.py:_console_start():2375] atexit reg
2025-03-13 05:17:10,683 INFO    MainThread:29373 [wandb_run.py:_redirect():2227] redirect: wrap_raw
2025-03-13 05:17:10,683 INFO    MainThread:29373 [wandb_run.py:_redirect():2292] Wrapping output streams.
2025-03-13 05:17:10,683 INFO    MainThread:29373 [wandb_run.py:_redirect():2315] Redirects installed.
2025-03-13 05:17:10,684 INFO    MainThread:29373 [wandb_init.py:init():1032] run started, returning control to user process
2025-03-13 05:17:11,700 INFO    MainThread:29373 [jupyter.py:save_ipynb():386] not saving jupyter notebook
2025-03-13 05:17:11,700 INFO    MainThread:29373 [wandb_init.py:_pause_backend():564] pausing backend
2025-03-13 05:26:18,719 INFO    MainThread:29373 [wandb_init.py:_resume_backend():569] resuming backend
2025-03-13 05:26:18,959 INFO    MainThread:29373 [jupyter.py:save_ipynb():386] not saving jupyter notebook
2025-03-13 05:26:18,959 INFO    MainThread:29373 [wandb_init.py:_pause_backend():564] pausing backend
2025-03-13 05:27:59,743 INFO    MainThread:29373 [wandb_init.py:_resume_backend():569] resuming backend
